glui32d.lib(glui.obj) : error LNK2038: mismatch detected for '_MSC_VER': value '1600' doesn't match value '1900' in GPUCom.obj
glui32d.lib(glui_add_controls.obj) : error LNK2038: mismatch detected for '_MSC_VER': value '1600' doesn't match value '1900' in GPUCom.obj
glui32d.lib(glui_spinner.obj) : error LNK2038: mismatch detected for '_MSC_VER': value '1600' doesn't match value '1900' in GPUCom.obj
glui32d.lib(glui_node.obj) : error LNK2038: mismatch detected for '_MSC_VER': value '1600' doesn't match value '1900' in GPUCom.obj
glui32d.lib(glui_bitmaps.obj) : error LNK2038: mismatch detected for '_MSC_VER': value '1600' doesn't match value '1900' in GPUCom.obj
glui32d.lib(glui_string.obj) : error LNK2038: mismatch detected for '_MSC_VER': value '1600' doesn't match value '1900' in GPUCom.obj
glui32d.lib(glui_control.obj) : error LNK2038: mismatch detected for '_MSC_VER': value '1600' doesn't match value '1900' in GPUCom.obj
glui32d.lib(glui_panel.obj) : error LNK2038: mismatch detected for '_MSC_VER': value '1600' doesn't match value '1900' in GPUCom.obj
glui32d.lib(glui_window.obj) : error LNK2038: mismatch detected for '_MSC_VER': value '1600' doesn't match value '1900' in GPUCom.obj
glui32d.lib(glui_checkbox.obj) : error LNK2038: mismatch detected for '_MSC_VER': value '1600' doesn't match value '1900' in GPUCom.obj
glui32d.lib(glui_radio.obj) : error LNK2038: mismatch detected for '_MSC_VER': value '1600' doesn't match value '1900' in GPUCom.obj
glui32d.lib(glui_statictext.obj) : error LNK2038: mismatch detected for '_MSC_VER': value '1600' doesn't match value '1900' in GPUCom.obj
glui32d.lib(glui_button.obj) : error LNK2038: mismatch detected for '_MSC_VER': value '1600' doesn't match value '1900' in GPUCom.obj
glui32d.lib(glui_separator.obj) : error LNK2038: mismatch detected for '_MSC_VER': value '1600' doesn't match value '1900' in GPUCom.obj
glui32d.lib(glui_edittext.obj) : error LNK2038: mismatch detected for '_MSC_VER': value '1600' doesn't match value '1900' in GPUCom.obj
glui32d.lib(glui_column.obj) : error LNK2038: mismatch detected for '_MSC_VER': value '1600' doesn't match value '1900' in GPUCom.obj
glui32d.lib(glui_listbox.obj) : error LNK2038: mismatch detected for '_MSC_VER': value '1600' doesn't match value '1900' in GPUCom.obj
glui32d.lib(glui_rotation.obj) : error LNK2038: mismatch detected for '_MSC_VER': value '1600' doesn't match value '1900' in GPUCom.obj
glui32d.lib(glui_translation.obj) : error LNK2038: mismatch detected for '_MSC_VER': value '1600' doesn't match value '1900' in GPUCom.obj
glui32d.lib(glui_rollout.obj) : error LNK2038: mismatch detected for '_MSC_VER': value '1600' doesn't match value '1900' in GPUCom.obj
glui32d.lib(arcball.obj) : error LNK2038: mismatch detected for '_MSC_VER': value '1600' doesn't match value '1900' in GPUCom.obj
glui32d.lib(algebra3.obj) : error LNK2038: mismatch detected for '_MSC_VER': value '1600' doesn't match value '1900' in GPUCom.obj
glui32d.lib(glui_mouse_iaction.obj) : error LNK2038: mismatch detected for '_MSC_VER': value '1600' doesn't match value '1900' in GPUCom.obj
glui32d.lib(quaternion.obj) : error LNK2038: mismatch detected for '_MSC_VER': value '1600' doesn't match value '1900' in GPUCom.obj
LINK : warning LNK4098: defaultlib 'LIBCMT' conflicts with use of other libs; use /NODEFAULTLIB:library
LINK : warning LNK4217: symbol '??0_Container_base12@std@@QAE@XZ (public: __thiscall std::_Container_base12::_Container_base12(void))' defined in 'GPUCom.obj' is imported by 'glui32d.lib(glui_translation.obj)' in function '"public: int __thiscall std::basic_string<char,struct std::char_traits<char>,class std::allocator<char> >::compare(unsigned int,unsigned int,char const *,unsigned int)const " (?compare@?$basic_string@DU?$char_traits@D@std@@V?$allocator@D@2@@std@@QBEHIIPBDI@Z)'
LINK : warning LNK4286: symbol '??0_Container_base12@std@@QAE@XZ (public: __thiscall std::_Container_base12::_Container_base12(void))' defined in 'GPUCom.obj' is imported by 'glui32d.lib(glui_rollout.obj)'
LINK : warning LNK4286: symbol '??0_Container_base12@std@@QAE@XZ (public: __thiscall std::_Container_base12::_Container_base12(void))' defined in 'GPUCom.obj' is imported by 'glui32d.lib(glui_edittext.obj)'
LINK : warning LNK4286: symbol '??0_Container_base12@std@@QAE@XZ (public: __thiscall std::_Container_base12::_Container_base12(void))' defined in 'GPUCom.obj' is imported by 'glui32d.lib(glui_column.obj)'
LINK : warning LNK4286: symbol '??0_Container_base12@std@@QAE@XZ (public: __thiscall std::_Container_base12::_Container_base12(void))' defined in 'GPUCom.obj' is imported by 'glui32d.lib(glui_listbox.obj)'
LINK : warning LNK4286: symbol '??0_Container_base12@std@@QAE@XZ (public: __thiscall std::_Container_base12::_Container_base12(void))' defined in 'GPUCom.obj' is imported by 'glui32d.lib(glui_rotation.obj)'
LINK : warning LNK4286: symbol '??0_Container_base12@std@@QAE@XZ (public: __thiscall std::_Container_base12::_Container_base12(void))' defined in 'GPUCom.obj' is imported by 'glui32d.lib(glui_radio.obj)'
LINK : warning LNK4286: symbol '??0_Container_base12@std@@QAE@XZ (public: __thiscall std::_Container_base12::_Container_base12(void))' defined in 'GPUCom.obj' is imported by 'glui32d.lib(glui_statictext.obj)'
LINK : warning LNK4286: symbol '??0_Container_base12@std@@QAE@XZ (public: __thiscall std::_Container_base12::_Container_base12(void))' defined in 'GPUCom.obj' is imported by 'glui32d.lib(glui_button.obj)'
LINK : warning LNK4286: symbol '??0_Container_base12@std@@QAE@XZ (public: __thiscall std::_Container_base12::_Container_base12(void))' defined in 'GPUCom.obj' is imported by 'glui32d.lib(glui_separator.obj)'
LINK : warning LNK4217: symbol '??0_Container_base12@std@@QAE@XZ (public: __thiscall std::_Container_base12::_Container_base12(void))' defined in 'GPUCom.obj' is imported by 'glui32d.lib(glui.obj)' in function '"public: __thiscall std::_String_val<char,class std::allocator<char> >::_String_val<char,class std::allocator<char> >(class std::allocator<char>)" (??0?$_String_val@DV?$allocator@D@std@@@std@@QAE@V?$allocator@D@1@@Z)'
LINK : warning LNK4286: symbol '??0_Container_base12@std@@QAE@XZ (public: __thiscall std::_Container_base12::_Container_base12(void))' defined in 'GPUCom.obj' is imported by 'glui32d.lib(glui_spinner.obj)'
LINK : warning LNK4286: symbol '??0_Container_base12@std@@QAE@XZ (public: __thiscall std::_Container_base12::_Container_base12(void))' defined in 'GPUCom.obj' is imported by 'glui32d.lib(glui_panel.obj)'
LINK : warning LNK4286: symbol '??0_Container_base12@std@@QAE@XZ (public: __thiscall std::_Container_base12::_Container_base12(void))' defined in 'GPUCom.obj' is imported by 'glui32d.lib(glui_checkbox.obj)'
LINK : warning LNK4286: symbol '?_Orphan_all@_Container_base12@std@@QAEXXZ (public: void __thiscall std::_Container_base12::_Orphan_all(void))' defined in 'GPUCom.obj' is imported by 'glui32d.lib(glui_rotation.obj)'
LINK : warning LNK4286: symbol '?_Orphan_all@_Container_base12@std@@QAEXXZ (public: void __thiscall std::_Container_base12::_Orphan_all(void))' defined in 'GPUCom.obj' is imported by 'glui32d.lib(glui_translation.obj)'
LINK : warning LNK4286: symbol '?_Orphan_all@_Container_base12@std@@QAEXXZ (public: void __thiscall std::_Container_base12::_Orphan_all(void))' defined in 'GPUCom.obj' is imported by 'glui32d.lib(glui_rollout.obj)'
LINK : warning LNK4286: symbol '?_Orphan_all@_Container_base12@std@@QAEXXZ (public: void __thiscall std::_Container_base12::_Orphan_all(void))' defined in 'GPUCom.obj' is imported by 'glui32d.lib(glui_separator.obj)'
LINK : warning LNK4286: symbol '?_Orphan_all@_Container_base12@std@@QAEXXZ (public: void __thiscall std::_Container_base12::_Orphan_all(void))' defined in 'GPUCom.obj' is imported by 'glui32d.lib(glui_edittext.obj)'
LINK : warning LNK4286: symbol '?_Orphan_all@_Container_base12@std@@QAEXXZ (public: void __thiscall std::_Container_base12::_Orphan_all(void))' defined in 'GPUCom.obj' is imported by 'glui32d.lib(glui_column.obj)'
LINK : warning LNK4286: symbol '?_Orphan_all@_Container_base12@std@@QAEXXZ (public: void __thiscall std::_Container_base12::_Orphan_all(void))' defined in 'GPUCom.obj' is imported by 'glui32d.lib(glui_listbox.obj)'
LINK : warning LNK4286: symbol '?_Orphan_all@_Container_base12@std@@QAEXXZ (public: void __thiscall std::_Container_base12::_Orphan_all(void))' defined in 'GPUCom.obj' is imported by 'glui32d.lib(glui_checkbox.obj)'
LINK : warning LNK4286: symbol '?_Orphan_all@_Container_base12@std@@QAEXXZ (public: void __thiscall std::_Container_base12::_Orphan_all(void))' defined in 'GPUCom.obj' is imported by 'glui32d.lib(glui_radio.obj)'
LINK : warning LNK4286: symbol '?_Orphan_all@_Container_base12@std@@QAEXXZ (public: void __thiscall std::_Container_base12::_Orphan_all(void))' defined in 'GPUCom.obj' is imported by 'glui32d.lib(glui_statictext.obj)'
LINK : warning LNK4286: symbol '?_Orphan_all@_Container_base12@std@@QAEXXZ (public: void __thiscall std::_Container_base12::_Orphan_all(void))' defined in 'GPUCom.obj' is imported by 'glui32d.lib(glui_button.obj)'
LINK : warning LNK4217: symbol '?_Orphan_all@_Container_base12@std@@QAEXXZ (public: void __thiscall std::_Container_base12::_Orphan_all(void))' defined in 'GPUCom.obj' is imported by 'glui32d.lib(glui.obj)' in function '"public: __thiscall std::_String_val<char,class std::allocator<char> >::~_String_val<char,class std::allocator<char> >(void)" (??1?$_String_val@DV?$allocator@D@std@@@std@@QAE@XZ)'
LINK : warning LNK4286: symbol '?_Orphan_all@_Container_base12@std@@QAEXXZ (public: void __thiscall std::_Container_base12::_Orphan_all(void))' defined in 'GPUCom.obj' is imported by 'glui32d.lib(glui_spinner.obj)'
LINK : warning LNK4286: symbol '?_Orphan_all@_Container_base12@std@@QAEXXZ (public: void __thiscall std::_Container_base12::_Orphan_all(void))' defined in 'GPUCom.obj' is imported by 'glui32d.lib(glui_control.obj)'
LINK : warning LNK4286: symbol '?_Orphan_all@_Container_base12@std@@QAEXXZ (public: void __thiscall std::_Container_base12::_Orphan_all(void))' defined in 'GPUCom.obj' is imported by 'glui32d.lib(glui_panel.obj)'
LINK : warning LNK4286: symbol '??1exception@std@@UAE@XZ (public: virtual __thiscall std::exception::~exception(void))' defined in 'GPUCom.obj' is imported by 'glui32d.lib(glui_listbox.obj)'
LINK : warning LNK4286: symbol '??1exception@std@@UAE@XZ (public: virtual __thiscall std::exception::~exception(void))' defined in 'GPUCom.obj' is imported by 'glui32d.lib(glui_rotation.obj)'
LINK : warning LNK4286: symbol '??1exception@std@@UAE@XZ (public: virtual __thiscall std::exception::~exception(void))' defined in 'GPUCom.obj' is imported by 'glui32d.lib(glui_translation.obj)'
LINK : warning LNK4286: symbol '??1exception@std@@UAE@XZ (public: virtual __thiscall std::exception::~exception(void))' defined in 'GPUCom.obj' is imported by 'glui32d.lib(glui_rollout.obj)'
LINK : warning LNK4286: symbol '??1exception@std@@UAE@XZ (public: virtual __thiscall std::exception::~exception(void))' defined in 'GPUCom.obj' is imported by 'glui32d.lib(glui_button.obj)'
LINK : warning LNK4286: symbol '??1exception@std@@UAE@XZ (public: virtual __thiscall std::exception::~exception(void))' defined in 'GPUCom.obj' is imported by 'glui32d.lib(glui_separator.obj)'
LINK : warning LNK4286: symbol '??1exception@std@@UAE@XZ (public: virtual __thiscall std::exception::~exception(void))' defined in 'GPUCom.obj' is imported by 'glui32d.lib(glui_edittext.obj)'
LINK : warning LNK4286: symbol '??1exception@std@@UAE@XZ (public: virtual __thiscall std::exception::~exception(void))' defined in 'GPUCom.obj' is imported by 'glui32d.lib(glui_column.obj)'
LINK : warning LNK4286: symbol '??1exception@std@@UAE@XZ (public: virtual __thiscall std::exception::~exception(void))' defined in 'GPUCom.obj' is imported by 'glui32d.lib(glui_panel.obj)'
LINK : warning LNK4286: symbol '??1exception@std@@UAE@XZ (public: virtual __thiscall std::exception::~exception(void))' defined in 'GPUCom.obj' is imported by 'glui32d.lib(glui_checkbox.obj)'
LINK : warning LNK4286: symbol '??1exception@std@@UAE@XZ (public: virtual __thiscall std::exception::~exception(void))' defined in 'GPUCom.obj' is imported by 'glui32d.lib(glui_radio.obj)'
LINK : warning LNK4286: symbol '??1exception@std@@UAE@XZ (public: virtual __thiscall std::exception::~exception(void))' defined in 'GPUCom.obj' is imported by 'glui32d.lib(glui_statictext.obj)'
LINK : warning LNK4217: symbol '??1exception@std@@UAE@XZ (public: virtual __thiscall std::exception::~exception(void))' defined in 'GPUCom.obj' is imported by 'glui32d.lib(glui.obj)' in function '"public: virtual __thiscall std::bad_alloc::~bad_alloc(void)" (??1bad_alloc@std@@UAE@XZ)'
LINK : warning LNK4286: symbol '??1exception@std@@UAE@XZ (public: virtual __thiscall std::exception::~exception(void))' defined in 'GPUCom.obj' is imported by 'glui32d.lib(glui_spinner.obj)'
LINK : warning LNK4286: symbol '??1exception@std@@UAE@XZ (public: virtual __thiscall std::exception::~exception(void))' defined in 'GPUCom.obj' is imported by 'glui32d.lib(glui_string.obj)'
LINK : warning LNK4286: symbol '??1exception@std@@UAE@XZ (public: virtual __thiscall std::exception::~exception(void))' defined in 'GPUCom.obj' is imported by 'glui32d.lib(glui_control.obj)'
LINK : warning LNK4286: symbol '??0exception@std@@QAE@ABV01@@Z (public: __thiscall std::exception::exception(class std::exception const &))' defined in 'GPUCom.obj' is imported by 'glui32d.lib(glui_listbox.obj)'
LINK : warning LNK4286: symbol '??0exception@std@@QAE@ABV01@@Z (public: __thiscall std::exception::exception(class std::exception const &))' defined in 'GPUCom.obj' is imported by 'glui32d.lib(glui_rotation.obj)'
LINK : warning LNK4286: symbol '??0exception@std@@QAE@ABV01@@Z (public: __thiscall std::exception::exception(class std::exception const &))' defined in 'GPUCom.obj' is imported by 'glui32d.lib(glui_translation.obj)'
LINK : warning LNK4286: symbol '??0exception@std@@QAE@ABV01@@Z (public: __thiscall std::exception::exception(class std::exception const &))' defined in 'GPUCom.obj' is imported by 'glui32d.lib(glui_rollout.obj)'
LINK : warning LNK4286: symbol '??0exception@std@@QAE@ABV01@@Z (public: __thiscall std::exception::exception(class std::exception const &))' defined in 'GPUCom.obj' is imported by 'glui32d.lib(glui_button.obj)'
LINK : warning LNK4286: symbol '??0exception@std@@QAE@ABV01@@Z (public: __thiscall std::exception::exception(class std::exception const &))' defined in 'GPUCom.obj' is imported by 'glui32d.lib(glui_separator.obj)'
LINK : warning LNK4286: symbol '??0exception@std@@QAE@ABV01@@Z (public: __thiscall std::exception::exception(class std::exception const &))' defined in 'GPUCom.obj' is imported by 'glui32d.lib(glui_edittext.obj)'
LINK : warning LNK4286: symbol '??0exception@std@@QAE@ABV01@@Z (public: __thiscall std::exception::exception(class std::exception const &))' defined in 'GPUCom.obj' is imported by 'glui32d.lib(glui_column.obj)'
LINK : warning LNK4286: symbol '??0exception@std@@QAE@ABV01@@Z (public: __thiscall std::exception::exception(class std::exception const &))' defined in 'GPUCom.obj' is imported by 'glui32d.lib(glui_panel.obj)'
LINK : warning LNK4286: symbol '??0exception@std@@QAE@ABV01@@Z (public: __thiscall std::exception::exception(class std::exception const &))' defined in 'GPUCom.obj' is imported by 'glui32d.lib(glui_checkbox.obj)'
LINK : warning LNK4286: symbol '??0exception@std@@QAE@ABV01@@Z (public: __thiscall std::exception::exception(class std::exception const &))' defined in 'GPUCom.obj' is imported by 'glui32d.lib(glui_radio.obj)'
LINK : warning LNK4286: symbol '??0exception@std@@QAE@ABV01@@Z (public: __thiscall std::exception::exception(class std::exception const &))' defined in 'GPUCom.obj' is imported by 'glui32d.lib(glui_statictext.obj)'
LINK : warning LNK4217: symbol '??0exception@std@@QAE@ABV01@@Z (public: __thiscall std::exception::exception(class std::exception const &))' defined in 'GPUCom.obj' is imported by 'glui32d.lib(glui.obj)' in function '"public: __thiscall std::bad_alloc::bad_alloc(class std::bad_alloc const &)" (??0bad_alloc@std@@QAE@ABV01@@Z)'
LINK : warning LNK4286: symbol '??0exception@std@@QAE@ABV01@@Z (public: __thiscall std::exception::exception(class std::exception const &))' defined in 'GPUCom.obj' is imported by 'glui32d.lib(glui_spinner.obj)'
LINK : warning LNK4286: symbol '??0exception@std@@QAE@ABV01@@Z (public: __thiscall std::exception::exception(class std::exception const &))' defined in 'GPUCom.obj' is imported by 'glui32d.lib(glui_string.obj)'
LINK : warning LNK4286: symbol '??0exception@std@@QAE@ABV01@@Z (public: __thiscall std::exception::exception(class std::exception const &))' defined in 'GPUCom.obj' is imported by 'glui32d.lib(glui_control.obj)'
LINK : warning LNK4217: symbol '_printf' defined in 'GPUCom.obj' is imported by 'glui32d.lib(glui_edittext.obj)' in function '"public: virtual int __thiscall GLUI_EditText::special_handler(int,int)" (?special_handler@GLUI_EditText@@UAEHHH@Z)'
LINK : warning LNK4286: symbol '_printf' defined in 'GPUCom.obj' is imported by 'glui32d.lib(algebra3.obj)'
glui32d.lib(glui_rotation.obj) : error LNK2001: unresolved external symbol "__declspec(dllimport) public: __thiscall std::_Container_base12::~_Container_base12(void)" (__imp_??1_Container_base12@std@@QAE@XZ)
glui32d.lib(glui_translation.obj) : error LNK2001: unresolved external symbol "__declspec(dllimport) public: __thiscall std::_Container_base12::~_Container_base12(void)" (__imp_??1_Container_base12@std@@QAE@XZ)
glui32d.lib(glui_rollout.obj) : error LNK2001: unresolved external symbol "__declspec(dllimport) public: __thiscall std::_Container_base12::~_Container_base12(void)" (__imp_??1_Container_base12@std@@QAE@XZ)
glui32d.lib(glui_separator.obj) : error LNK2001: unresolved external symbol "__declspec(dllimport) public: __thiscall std::_Container_base12::~_Container_base12(void)" (__imp_??1_Container_base12@std@@QAE@XZ)
glui32d.lib(glui_edittext.obj) : error LNK2001: unresolved external symbol "__declspec(dllimport) public: __thiscall std::_Container_base12::~_Container_base12(void)" (__imp_??1_Container_base12@std@@QAE@XZ)
glui32d.lib(glui_column.obj) : error LNK2001: unresolved external symbol "__declspec(dllimport) public: __thiscall std::_Container_base12::~_Container_base12(void)" (__imp_??1_Container_base12@std@@QAE@XZ)
glui32d.lib(glui_listbox.obj) : error LNK2001: unresolved external symbol "__declspec(dllimport) public: __thiscall std::_Container_base12::~_Container_base12(void)" (__imp_??1_Container_base12@std@@QAE@XZ)
glui32d.lib(glui_checkbox.obj) : error LNK2001: unresolved external symbol "__declspec(dllimport) public: __thiscall std::_Container_base12::~_Container_base12(void)" (__imp_??1_Container_base12@std@@QAE@XZ)
glui32d.lib(glui_radio.obj) : error LNK2001: unresolved external symbol "__declspec(dllimport) public: __thiscall std::_Container_base12::~_Container_base12(void)" (__imp_??1_Container_base12@std@@QAE@XZ)
glui32d.lib(glui_statictext.obj) : error LNK2001: unresolved external symbol "__declspec(dllimport) public: __thiscall std::_Container_base12::~_Container_base12(void)" (__imp_??1_Container_base12@std@@QAE@XZ)
glui32d.lib(glui_button.obj) : error LNK2001: unresolved external symbol "__declspec(dllimport) public: __thiscall std::_Container_base12::~_Container_base12(void)" (__imp_??1_Container_base12@std@@QAE@XZ)
glui32d.lib(glui.obj) : error LNK2001: unresolved external symbol "__declspec(dllimport) public: __thiscall std::_Container_base12::~_Container_base12(void)" (__imp_??1_Container_base12@std@@QAE@XZ)
glui32d.lib(glui_spinner.obj) : error LNK2001: unresolved external symbol "__declspec(dllimport) public: __thiscall std::_Container_base12::~_Container_base12(void)" (__imp_??1_Container_base12@std@@QAE@XZ)
glui32d.lib(glui_control.obj) : error LNK2001: unresolved external symbol "__declspec(dllimport) public: __thiscall std::_Container_base12::~_Container_base12(void)" (__imp_??1_Container_base12@std@@QAE@XZ)
glui32d.lib(glui_panel.obj) : error LNK2001: unresolved external symbol "__declspec(dllimport) public: __thiscall std::_Container_base12::~_Container_base12(void)" (__imp_??1_Container_base12@std@@QAE@XZ)
glui32d.lib(glui_listbox.obj) : error LNK2001: unresolved external symbol "__declspec(dllimport) public: __thiscall std::exception::exception(char const * const &)" (__imp_??0exception@std@@QAE@ABQBD@Z)
glui32d.lib(glui_rotation.obj) : error LNK2001: unresolved external symbol "__declspec(dllimport) public: __thiscall std::exception::exception(char const * const &)" (__imp_??0exception@std@@QAE@ABQBD@Z)
glui32d.lib(glui_translation.obj) : error LNK2001: unresolved external symbol "__declspec(dllimport) public: __thiscall std::exception::exception(char const * const &)" (__imp_??0exception@std@@QAE@ABQBD@Z)
glui32d.lib(glui_rollout.obj) : error LNK2001: unresolved external symbol "__declspec(dllimport) public: __thiscall std::exception::exception(char const * const &)" (__imp_??0exception@std@@QAE@ABQBD@Z)
glui32d.lib(glui_button.obj) : error LNK2001: unresolved external symbol "__declspec(dllimport) public: __thiscall std::exception::exception(char const * const &)" (__imp_??0exception@std@@QAE@ABQBD@Z)
glui32d.lib(glui_separator.obj) : error LNK2001: unresolved external symbol "__declspec(dllimport) public: __thiscall std::exception::exception(char const * const &)" (__imp_??0exception@std@@QAE@ABQBD@Z)
glui32d.lib(glui_edittext.obj) : error LNK2001: unresolved external symbol "__declspec(dllimport) public: __thiscall std::exception::exception(char const * const &)" (__imp_??0exception@std@@QAE@ABQBD@Z)
glui32d.lib(glui_column.obj) : error LNK2001: unresolved external symbol "__declspec(dllimport) public: __thiscall std::exception::exception(char const * const &)" (__imp_??0exception@std@@QAE@ABQBD@Z)
glui32d.lib(glui_panel.obj) : error LNK2001: unresolved external symbol "__declspec(dllimport) public: __thiscall std::exception::exception(char const * const &)" (__imp_??0exception@std@@QAE@ABQBD@Z)
glui32d.lib(glui_checkbox.obj) : error LNK2001: unresolved external symbol "__declspec(dllimport) public: __thiscall std::exception::exception(char const * const &)" (__imp_??0exception@std@@QAE@ABQBD@Z)
glui32d.lib(glui_radio.obj) : error LNK2001: unresolved external symbol "__declspec(dllimport) public: __thiscall std::exception::exception(char const * const &)" (__imp_??0exception@std@@QAE@ABQBD@Z)
glui32d.lib(glui_statictext.obj) : error LNK2001: unresolved external symbol "__declspec(dllimport) public: __thiscall std::exception::exception(char const * const &)" (__imp_??0exception@std@@QAE@ABQBD@Z)
glui32d.lib(glui.obj) : error LNK2001: unresolved external symbol "__declspec(dllimport) public: __thiscall std::exception::exception(char const * const &)" (__imp_??0exception@std@@QAE@ABQBD@Z)
glui32d.lib(glui_spinner.obj) : error LNK2001: unresolved external symbol "__declspec(dllimport) public: __thiscall std::exception::exception(char const * const &)" (__imp_??0exception@std@@QAE@ABQBD@Z)
glui32d.lib(glui_string.obj) : error LNK2001: unresolved external symbol "__declspec(dllimport) public: __thiscall std::exception::exception(char const * const &)" (__imp_??0exception@std@@QAE@ABQBD@Z)
glui32d.lib(glui_control.obj) : error LNK2001: unresolved external symbol "__declspec(dllimport) public: __thiscall std::exception::exception(char const * const &)" (__imp_??0exception@std@@QAE@ABQBD@Z)
    Hint on symbols that are defined and could potentially match:
      "__declspec(dllimport) public: __thiscall std::exception::exception(class std::exception const &)" (__imp_??0exception@std@@QAE@ABV01@@Z)
glui32d.lib(glui_spinner.obj) : error LNK2019: unresolved external symbol __imp____iob_func referenced in function "void __cdecl spinner_edittext_callback(int)" (?spinner_edittext_callback@@YAXH@Z)
glui32d.lib(glui_edittext.obj) : error LNK2001: unresolved external symbol __imp____iob_func
glui32d.lib(algebra3.obj) : error LNK2001: unresolved external symbol __imp____iob_func
glui32d.lib(quaternion.obj) : error LNK2001: unresolved external symbol __imp__fprintf
glui32d.lib(glui_node.obj) : error LNK2001: unresolved external symbol __imp__fprintf
glui32d.lib(glui_edittext.obj) : error LNK2001: unresolved external symbol __imp__fprintf
glui32d.lib(glui_listbox.obj) : error LNK2001: unresolved external symbol __imp__fprintf
glui32d.lib(algebra3.obj) : error LNK2001: unresolved external symbol __imp__fprintf
glui32d.lib(glui_string.obj) : error LNK2019: unresolved external symbol __imp___vsnprintf referenced in function "class std::basic_string<char,struct std::char_traits<char>,class std::allocator<char> > & __cdecl glui_format_str(class std::basic_string<char,struct std::char_traits<char>,class std::allocator<char> > &,char const *,...)" (?glui_format_str@@YAAAV?$basic_string@DU?$char_traits@D@std@@V?$allocator@D@2@@std@@AAV12@PBDZZ)
glui32d.lib(glui_edittext.obj) : error LNK2019: unresolved external symbol __imp__sprintf referenced in function "public: void __thiscall GLUI_EditText::set_numeric_text(void)" (?set_numeric_text@GLUI_EditText@@QAEXXZ)
C:\Users\David Jackson\Documents\CS Homework\CS 334\CS 334 Final Project, David Jackson, jacks668\Final Project\Final Project\Debug\myproject.exe : fatal error LNK1120: 6 unresolved externals
